2022-05-18 15:51:18,974 - fiona.env - DEBUG - Entering env context: <fiona.env.Env object at 0x0000013EC73B1BC8>
2022-05-18 15:51:18,974 - fiona.env - DEBUG - Starting outermost env
2022-05-18 15:51:18,975 - fiona.env - DEBUG - No GDAL environment exists
2022-05-18 15:51:18,975 - fiona.env - DEBUG - New GDAL environment <fiona._env.GDALEnv object at 0x0000013EC849BC88> created
2022-05-18 15:51:18,976 - fiona._env - DEBUG - GDAL_DATA found in environment.
2022-05-18 15:51:18,976 - fiona._env - DEBUG - PROJ_LIB found in environment.
2022-05-18 15:51:18,976 - fiona._env - DEBUG - Started GDALEnv: self=<fiona._env.GDALEnv object at 0x0000013EC849BC88>.
2022-05-18 15:51:18,976 - fiona.env - DEBUG - Updated existing <fiona._env.GDALEnv object at 0x0000013EC849BC88> with options {}
2022-05-18 15:51:18,976 - fiona.env - DEBUG - Entered env context: <fiona.env.Env object at 0x0000013EC73B1BC8>
2022-05-18 15:51:18,977 - fiona.ogrext - DEBUG - Got coordinate system
2022-05-18 15:51:18,978 - fiona.ogrext - DEBUG - OLC_FASTSETNEXTBYINDEX: 1
2022-05-18 15:51:18,978 - fiona.ogrext - DEBUG - OLC_FASTFEATURECOUNT: 1
2022-05-18 15:51:18,978 - fiona.ogrext - DEBUG - Next index: 0
2022-05-18 15:51:18,978 - fiona.ogrext - DEBUG - Next index: 1
2022-05-18 15:51:18,978 - fiona.ogrext - DEBUG - Next index: 2
2022-05-18 15:51:18,978 - fiona.ogrext - DEBUG - Next index: 3
2022-05-18 15:51:18,978 - fiona.ogrext - DEBUG - Next index: 4
2022-05-18 15:51:18,978 - fiona.ogrext - DEBUG - Next index: 5
2022-05-18 15:51:18,978 - fiona.ogrext - DEBUG - Next index: 6
2022-05-18 15:51:18,978 - fiona.ogrext - DEBUG - Next index: 7
2022-05-18 15:51:18,978 - fiona.ogrext - DEBUG - Next index: 8
2022-05-18 15:51:18,978 - fiona.ogrext - DEBUG - Next index: 9
2022-05-18 15:51:18,983 - fiona.collection - DEBUG - Flushed buffer
2022-05-18 15:51:18,984 - fiona.collection - DEBUG - Stopped session
2022-05-18 15:51:18,984 - fiona.env - DEBUG - Exiting env context: <fiona.env.Env object at 0x0000013EC73B1BC8>
2022-05-18 15:51:18,984 - fiona.env - DEBUG - Cleared existing <fiona._env.GDALEnv object at 0x0000013EC849BC88> options
2022-05-18 15:51:18,984 - fiona._env - DEBUG - Stopping GDALEnv <fiona._env.GDALEnv object at 0x0000013EC849BC88>.
2022-05-18 15:51:18,984 - fiona._env - DEBUG - Error handler popped.
2022-05-18 15:51:18,984 - fiona._env - DEBUG - Stopped GDALEnv <fiona._env.GDALEnv object at 0x0000013EC849BC88>.
2022-05-18 15:51:18,984 - fiona.env - DEBUG - Exiting outermost env
2022-05-18 15:51:18,984 - fiona.env - DEBUG - Exited env context: <fiona.env.Env object at 0x0000013EC73B1BC8>
2022-05-18 15:51:18,984 - fiona.env - DEBUG - Entering env context: <fiona.env.Env object at 0x0000013EC41A8188>
2022-05-18 15:51:18,984 - fiona.env - DEBUG - Starting outermost env
2022-05-18 15:51:18,984 - fiona.env - DEBUG - No GDAL environment exists
2022-05-18 15:51:18,984 - fiona.env - DEBUG - New GDAL environment <fiona._env.GDALEnv object at 0x0000013EC73B8708> created
2022-05-18 15:51:18,985 - fiona._env - DEBUG - GDAL_DATA found in environment.
2022-05-18 15:51:18,985 - fiona._env - DEBUG - PROJ_LIB found in environment.
2022-05-18 15:51:18,985 - fiona._env - DEBUG - Started GDALEnv: self=<fiona._env.GDALEnv object at 0x0000013EC73B8708>.
2022-05-18 15:51:18,985 - fiona.env - DEBUG - Updated existing <fiona._env.GDALEnv object at 0x0000013EC73B8708> with options {}
2022-05-18 15:51:18,985 - fiona.env - DEBUG - Entered env context: <fiona.env.Env object at 0x0000013EC41A8188>
2022-05-18 15:51:18,986 - fiona.ogrext - DEBUG - Got coordinate system
2022-05-18 15:51:18,986 - fiona.ogrext - DEBUG - OLC_FASTSETNEXTBYINDEX: 1
2022-05-18 15:51:18,986 - fiona.ogrext - DEBUG - OLC_FASTFEATURECOUNT: 1
2022-05-18 15:51:18,986 - fiona.ogrext - DEBUG - Next index: 0
2022-05-18 15:51:18,986 - fiona.ogrext - DEBUG - Next index: 1
2022-05-18 15:51:18,986 - fiona.ogrext - DEBUG - Next index: 2
2022-05-18 15:51:18,986 - fiona.ogrext - DEBUG - Next index: 3
2022-05-18 15:51:18,986 - fiona.ogrext - DEBUG - Next index: 4
2022-05-18 15:51:18,986 - fiona.ogrext - DEBUG - Next index: 5
2022-05-18 15:51:18,987 - fiona.ogrext - DEBUG - Next index: 6
2022-05-18 15:51:18,987 - fiona.ogrext - DEBUG - Next index: 7
2022-05-18 15:51:18,987 - fiona.ogrext - DEBUG - Next index: 8
2022-05-18 15:51:18,987 - fiona.ogrext - DEBUG - Next index: 9
2022-05-18 15:51:18,987 - fiona.ogrext - DEBUG - Next index: 10
2022-05-18 15:51:18,991 - fiona.collection - DEBUG - Flushed buffer
2022-05-18 15:51:18,992 - fiona.collection - DEBUG - Stopped session
2022-05-18 15:51:18,992 - fiona.env - DEBUG - Exiting env context: <fiona.env.Env object at 0x0000013EC41A8188>
2022-05-18 15:51:18,992 - fiona.env - DEBUG - Cleared existing <fiona._env.GDALEnv object at 0x0000013EC73B8708> options
2022-05-18 15:51:18,992 - fiona._env - DEBUG - Stopping GDALEnv <fiona._env.GDALEnv object at 0x0000013EC73B8708>.
2022-05-18 15:51:18,992 - fiona._env - DEBUG - Error handler popped.
2022-05-18 15:51:18,992 - fiona._env - DEBUG - Stopped GDALEnv <fiona._env.GDALEnv object at 0x0000013EC73B8708>.
2022-05-18 15:51:18,992 - fiona.env - DEBUG - Exiting outermost env
2022-05-18 15:51:18,992 - fiona.env - DEBUG - Exited env context: <fiona.env.Env object at 0x0000013EC41A8188>
